<?xml version="1.0" encoding="UTF-8"?>
<!-- Generated by org.testng.reporters.JUnitXMLReporter -->
<testsuite ignored="0" hostname="Nachi" failures="1" tests="6" name="Test3" time="375.653" errors="0" timestamp="2025-03-27T14:44:12 IST">
  <testcase classname="project_DWS.DWS_Address" name="addAddress" time="13.502"/>
  <testcase classname="project_DWS.DWS_Cart" name="addToCart" time="4.798">
    <failure type="org.openqa.selenium.ElementClickInterceptedException" message="element click intercepted: Element &amp;lt;a href=&amp;quot;/cart&amp;quot; class=&amp;quot;ico-cart&amp;quot;&amp;gt;...&amp;lt;/a&amp;gt; is not clickable at point (1090, 9). Other element would receive the click: &amp;lt;div id=&amp;quot;bar-notification&amp;quot; class=&amp;quot;bar-notification success&amp;quot; style=&amp;quot;display: block;&amp;quot;&amp;gt;...&amp;lt;/div&amp;gt;
  (Session info: MicrosoftEdge=134.0.3124.85)
Build info: version: &amp;apos;4.27.0&amp;apos;, revision: &amp;apos;d6e718d134&amp;apos;
System info: os.name: &amp;apos;Windows 11&amp;apos;, os.arch: &amp;apos;amd64&amp;apos;, os.version: &amp;apos;10.0&amp;apos;, java.version: &amp;apos;23.0.1&amp;apos;
Driver info: org.openqa.selenium.edge.EdgeDriver
Command: [6b27a6b5023860d11aeec6d37fb84b44, clickElement {id=f.74AC70D8CBFECDC358FB9256939BE688.d.97FCEF566415EEECDCD1151C7ED3626B.e.106}]
Capabilities {acceptInsecureCerts: false, browserName: MicrosoftEdge, browserVersion: 134.0.3124.85, fedcm:accounts: true, ms:edgeOptions: {debuggerAddress: localhost:59836}, msedge: {msedgedriverVersion: 134.0.3124.85 (4b32110e83d3..., userDataDir: C:\Users\dhane\AppData\Loca...}, networkConnectionEnabled: false, pageLoadStrategy: normal, platformName: windows, proxy: Proxy(), se:cdp: ws://localhost:59836/devtoo..., se:cdpVersion: 134.0.3124.85, setWindowRect: true, strictFileInteractability: false, timeouts: {implicit: 0, pageLoad: 300000, script: 30000}, unhandledPromptBehavior: dismiss and notify, webauthn:extension:credBlob: true, webauthn:extension:largeBlob: true, webauthn:extension:minPinLength: true, webauthn:extension:prf: true, webauthn:virtualAuthenticators: true}
Element: [[EdgeDriver: MicrosoftEdge on windows (6b27a6b5023860d11aeec6d37fb84b44)] -&amp;gt; partial link text: Shopping]
Session ID: 6b27a6b5023860d11aeec6d37fb84b44">
      <![CDATA[org.openqa.selenium.ElementClickInterceptedException: element click intercepted: Element <a href="/cart" class="ico-cart">...</a> is not clickable at point (1090, 9). Other element would receive the click: <div id="bar-notification" class="bar-notification success" style="display: block;">...</div>
  (Session info: MicrosoftEdge=134.0.3124.85)
Build info: version: '4.27.0', revision: 'd6e718d134'
System info: os.name: 'Windows 11', os.arch: 'amd64', os.version: '10.0', java.version: '23.0.1'
Driver info: org.openqa.selenium.edge.EdgeDriver
Command: [6b27a6b5023860d11aeec6d37fb84b44, clickElement {id=f.74AC70D8CBFECDC358FB9256939BE688.d.97FCEF566415EEECDCD1151C7ED3626B.e.106}]
Capabilities {acceptInsecureCerts: false, browserName: MicrosoftEdge, browserVersion: 134.0.3124.85, fedcm:accounts: true, ms:edgeOptions: {debuggerAddress: localhost:59836}, msedge: {msedgedriverVersion: 134.0.3124.85 (4b32110e83d3..., userDataDir: C:\Users\dhane\AppData\Loca...}, networkConnectionEnabled: false, pageLoadStrategy: normal, platformName: windows, proxy: Proxy(), se:cdp: ws://localhost:59836/devtoo..., se:cdpVersion: 134.0.3124.85, setWindowRect: true, strictFileInteractability: false, timeouts: {implicit: 0, pageLoad: 300000, script: 30000}, unhandledPromptBehavior: dismiss and notify, webauthn:extension:credBlob: true, webauthn:extension:largeBlob: true, webauthn:extension:minPinLength: true, webauthn:extension:prf: true, webauthn:virtualAuthenticators: true}
Element: [[EdgeDriver: MicrosoftEdge on windows (6b27a6b5023860d11aeec6d37fb84b44)] -> partial link text: Shopping]
Session ID: 6b27a6b5023860d11aeec6d37fb84b44
at org.openqa.selenium.remote.ErrorCodec.decode(ErrorCodec.java:167)
at org.openqa.selenium.remote.codec.w3c.W3CHttpResponseCodec.decode(W3CHttpResponseCodec.java:138)
at org.openqa.selenium.remote.codec.w3c.W3CHttpResponseCodec.decode(W3CHttpResponseCodec.java:50)
at org.openqa.selenium.remote.HttpCommandExecutor.execute(HttpCommandExecutor.java:190)
at org.openqa.selenium.remote.service.DriverCommandExecutor.invokeExecute(DriverCommandExecutor.java:216)
at org.openqa.selenium.remote.service.DriverCommandExecutor.execute(DriverCommandExecutor.java:174)
at org.openqa.selenium.remote.RemoteWebDriver.execute(RemoteWebDriver.java:545)
at org.openqa.selenium.remote.RemoteWebElement.execute(RemoteWebElement.java:223)
at org.openqa.selenium.remote.RemoteWebElement.click(RemoteWebElement.java:76)
at project_DWS.DWS_Cart.addToCart(DWS_Cart.java:21)
at java.base/java.util.ArrayList.forEach(ArrayList.java:1597)
at java.base/java.util.concurrent.FutureTask.run(FutureTask.java:317)
at java.base/java.util.concurrent.ThreadPoolExecutor.runWorker(ThreadPoolExecutor.java:1144)
at java.base/java.util.concurrent.ThreadPoolExecutor$Worker.run(ThreadPoolExecutor.java:642)
at java.base/java.lang.Thread.run(Thread.java:1575)
... Removed 18 stack frames]]>
    </failure>
  </testcase> <!-- addToCart -->
  <testcase classname="project_DWS.DWS_Address" name="updateAddress" time="14.017"/>
  <testcase classname="project_DWS.DWS_Cart" name="updateCart" time="0.003">
    <skipped/>
  </testcase> <!-- updateCart -->
  <testcase classname="project_DWS.DWS_Address" name="removeAddress" time="6.93"/>
  <testcase classname="project_DWS.DWS_Cart" name="removeFromCart" time="0.002">
    <skipped/>
  </testcase> <!-- removeFromCart -->
</testsuite> <!-- Test3 -->
